# JRE version: OpenJDK Runtime Environment (8.0_202-b03) (build 1.8.0_202-release-1483-b03)
# Java VM: OpenJDK 64-Bit Server VM (25.202-b03 mixed mode windows-amd64 compressed oops)
Heap:
 PSYoungGen      total 374272K, used 123570K [0x00000000e0000000, 0x00000000ff900000, 0x0000000100000000)
  eden space 246784K, 48% used [0x00000000e0000000,0x00000000e7407c38,0x00000000ef100000)
  from space 127488K, 3% used [0x00000000ef100000,0x00000000ef5a4f90,0x00000000f6d80000)
  to   space 120832K, 0% used [0x00000000f8300000,0x00000000f8300000,0x00000000ff900000)
 ParOldGen       total 683008K, used 417032K [0x00000000a0000000, 0x00000000c9b00000, 0x00000000e0000000)
  object space 683008K, 61% used [0x00000000a0000000,0x00000000b9742150,0x00000000c9b00000)
 Metaspace       used 123513K, capacity 132672K, committed 133720K, reserved 1165312K
  class space    used 15384K, capacity 16972K, committed 17280K, reserved 1048576K
GC Heap History (10 events):
Event: 6081.667 GC heap before
{Heap before GC invocations=78 (full 5):
 PSYoungGen      total 341504K, used 199066K [0x00000000e0000000, 0x00000000fec00000, 0x0000000100000000)
  eden space 192512K, 100% used [0x00000000e0000000,0x00000000ebc00000,0x00000000ebc00000)
  from space 148992K, 4% used [0x00000000f5a80000,0x00000000f60e6a68,0x00000000fec00000)
  to   space 155648K, 0% used [0x00000000ebc00000,0x00000000ebc00000,0x00000000f5400000)
 ParOldGen       total 683008K, used 391768K [0x00000000a0000000, 0x00000000c9b00000, 0x00000000e0000000)
  object space 683008K, 57% used [0x00000000a0000000,0x00000000b7e96148,0x00000000c9b00000)
 Metaspace       used 123487K, capacity 132608K, committed 133720K, reserved 1165312K
  class space    used 15383K, capacity 16972K, committed 17280K, reserved 1048576K
Event: 6081.677 GC heap after
Heap after GC invocations=78 (full 5):
 PSYoungGen      total 348160K, used 7016K [0x00000000e0000000, 0x00000000ff880000, 0x0000000100000000)
  eden space 192512K, 0% used [0x00000000e0000000,0x00000000e0000000,0x00000000ebc00000)
  from space 155648K, 4% used [0x00000000ebc00000,0x00000000ec2da340,0x00000000f5400000)
  to   space 148480K, 0% used [0x00000000f6780000,0x00000000f6780000,0x00000000ff880000)
 ParOldGen       total 683008K, used 397357K [0x00000000a0000000, 0x00000000c9b00000, 0x00000000e0000000)
  object space 683008K, 58% used [0x00000000a0000000,0x00000000b840b430,0x00000000c9b00000)
 Metaspace       used 123487K, capacity 132608K, committed 133720K, reserved 1165312K
  class space    used 15383K, capacity 16972K, committed 17280K, reserved 1048576K
}
Event: 6081.857 GC heap before
{Heap before GC invocations=79 (full 5):
 PSYoungGen      total 348160K, used 199528K [0x00000000e0000000, 0x00000000ff880000, 0x0000000100000000)
  eden space 192512K, 100% used [0x00000000e0000000,0x00000000ebc00000,0x00000000ebc00000)
  from space 155648K, 4% used [0x00000000ebc00000,0x00000000ec2da340,0x00000000f5400000)
  to   space 148480K, 0% used [0x00000000f6780000,0x00000000f6780000,0x00000000ff880000)
 ParOldGen       total 683008K, used 397357K [0x00000000a0000000, 0x00000000c9b00000, 0x00000000e0000000)
  object space 683008K, 58% used [0x00000000a0000000,0x00000000b840b430,0x00000000c9b00000)
 Metaspace       used 123497K, capacity 132608K, committed 133720K, reserved 1165312K
  class space    used 15384K, capacity 16972K, committed 17280K, reserved 1048576K
Event: 6081.864 GC heap after
Heap after GC invocations=79 (full 5):
 PSYoungGen      total 356864K, used 2864K [0x00000000e0000000, 0x00000000fed00000, 0x0000000100000000)
  eden space 220160K, 0% used [0x00000000e0000000,0x00000000e0000000,0x00000000ed700000)
  from space 136704K, 2% used [0x00000000f6780000,0x00000000f6a4c040,0x00000000fed00000)
  to   space 142336K, 0% used [0x00000000ed700000,0x00000000ed700000,0x00000000f6200000)
 ParOldGen       total 683008K, used 403670K [0x00000000a0000000, 0x00000000c9b00000, 0x00000000e0000000)
  object space 683008K, 59% used [0x00000000a0000000,0x00000000b8a35990,0x00000000c9b00000)
 Metaspace       used 123497K, capacity 132608K, committed 133720K, reserved 1165312K
  class space    used 15384K, capacity 16972K, committed 17280K, reserved 1048576K
}
Event: 6082.040 GC heap before
{Heap before GC invocations=80 (full 5):
 PSYoungGen      total 356864K, used 223024K [0x00000000e0000000, 0x00000000fed00000, 0x0000000100000000)
  eden space 220160K, 100% used [0x00000000e0000000,0x00000000ed700000,0x00000000ed700000)
  from space 136704K, 2% used [0x00000000f6780000,0x00000000f6a4c040,0x00000000fed00000)
  to   space 142336K, 0% used [0x00000000ed700000,0x00000000ed700000,0x00000000f6200000)
 ParOldGen       total 683008K, used 403670K [0x00000000a0000000, 0x00000000c9b00000, 0x00000000e0000000)
  object space 683008K, 59% used [0x00000000a0000000,0x00000000b8a35990,0x00000000c9b00000)
 Metaspace       used 123499K, capacity 132608K, committed 133720K, reserved 1165312K
  class space    used 15384K, capacity 16972K, committed 17280K, reserved 1048576K
Event: 6082.047 GC heap after
Heap after GC invocations=80 (full 5):
 PSYoungGen      total 362496K, used 5980K [0x00000000e0000000, 0x00000000ff780000, 0x0000000100000000)
  eden space 220160K, 0% used [0x00000000e0000000,0x00000000e0000000,0x00000000ed700000)
  from space 142336K, 4% used [0x00000000ed700000,0x00000000edcd70c0,0x00000000f6200000)
  to   space 135168K, 0% used [0x00000000f7380000,0x00000000f7380000,0x00000000ff780000)
 ParOldGen       total 683008K, used 406126K [0x00000000a0000000, 0x00000000c9b00000, 0x00000000e0000000)
  object space 683008K, 59% used [0x00000000a0000000,0x00000000b8c9b9f0,0x00000000c9b00000)
 Metaspace       used 123499K, capacity 132608K, committed 133720K, reserved 1165312K
  class space    used 15384K, capacity 16972K, committed 17280K, reserved 1048576K
}
Event: 6082.296 GC heap before
{Heap before GC invocations=81 (full 5):
 PSYoungGen      total 362496K, used 226140K [0x00000000e0000000, 0x00000000ff780000, 0x0000000100000000)
  eden space 220160K, 100% used [0x00000000e0000000,0x00000000ed700000,0x00000000ed700000)
  from space 142336K, 4% used [0x00000000ed700000,0x00000000edcd70c0,0x00000000f6200000)
  to   space 135168K, 0% used [0x00000000f7380000,0x00000000f7380000,0x00000000ff780000)
 ParOldGen       total 683008K, used 406126K [0x00000000a0000000, 0x00000000c9b00000, 0x00000000e0000000)
  object space 683008K, 59% used [0x00000000a0000000,0x00000000b8c9b9f0,0x00000000c9b00000)
 Metaspace       used 123508K, capacity 132672K, committed 133720K, reserved 1165312K
  class space    used 15384K, capacity 16972K, committed 17280K, reserved 1048576K
Event: 6082.306 GC heap after
Heap after GC invocations=81 (full 5):
 PSYoungGen      total 368128K, used 7571K [0x00000000e0000000, 0x00000000fea00000, 0x0000000100000000)
  eden space 246784K, 0% used [0x00000000e0000000,0x00000000e0000000,0x00000000ef100000)
  from space 121344K, 6% used [0x00000000f7380000,0x00000000f7ae4d78,0x00000000fea00000)
  to   space 127488K, 0% used [0x00000000ef100000,0x00000000ef100000,0x00000000f6d80000)
 ParOldGen       total 683008K, used 410599K [0x00000000a0000000, 0x00000000c9b00000, 0x00000000e0000000)
  object space 683008K, 60% used [0x00000000a0000000,0x00000000b90f9d18,0x00000000c9b00000)
 Metaspace       used 123508K, capacity 132672K, committed 133720K, reserved 1165312K
  class space    used 15384K, capacity 16972K, committed 17280K, reserved 1048576K
}
Event: 6082.455 GC heap before
{Heap before GC invocations=82 (full 5):
 PSYoungGen      total 368128K, used 254355K [0x00000000e0000000, 0x00000000fea00000, 0x0000000100000000)
  eden space 246784K, 100% used [0x00000000e0000000,0x00000000ef100000,0x00000000ef100000)
  from space 121344K, 6% used [0x00000000f7380000,0x00000000f7ae4d78,0x00000000fea00000)
  to   space 127488K, 0% used [0x00000000ef100000,0x00000000ef100000,0x00000000f6d80000)
 ParOldGen       total 683008K, used 410599K [0x00000000a0000000, 0x00000000c9b00000, 0x00000000e0000000)
  object space 683008K, 60% used [0x00000000a0000000,0x00000000b90f9d18,0x00000000c9b00000)
 Metaspace       used 123511K, capacity 132672K, committed 133720K, reserved 1165312K
  class space    used 15384K, capacity 16972K, committed 17280K, reserved 1048576K
Event: 6082.471 GC heap after
Heap after GC invocations=82 (full 5):
 PSYoungGen      total 374272K, used 4755K [0x00000000e0000000, 0x00000000ff900000, 0x0000000100000000)
  eden space 246784K, 0% used [0x00000000e0000000,0x00000000e0000000,0x00000000ef100000)
  from space 127488K, 3% used [0x00000000ef100000,0x00000000ef5a4f90,0x00000000f6d80000)
  to   space 120832K, 0% used [0x00000000f8300000,0x00000000f8300000,0x00000000ff900000)
 ParOldGen       total 683008K, used 417032K [0x00000000a0000000, 0x00000000c9b00000, 0x00000000e0000000)
  object space 683008K, 61% used [0x00000000a0000000,0x00000000b9742150,0x00000000c9b00000)
 Metaspace       used 123511K, capacity 132672K, committed 133720K, reserved 1165312K
  class space    used 15384K, capacity 16972K, committed 17280K, reserved 1048576K
}

